{
  messageFormat: undefined,
  stringValue: '"1"',
  kind: 'ObjectId',
  value: '1',
  path: '_id',
  reason: BSONTypeError: Argument passed in must be a string of 12 bytes or a string of 24 hex characters or an integer
      at new BSONTypeError (C:\Users\jacob\Desktop\desktop\react\shopapp\node_modules\bson\lib\error.js:41:28)
      at new ObjectId (C:\Users\jacob\Desktop\desktop\react\shopapp\node_modules\bson\lib\objectid.js:67:23)
      at castObjectId (C:\Users\jacob\Desktop\desktop\react\shopapp\node_modules\mongoose\lib\cast\objectid.js:25:12)
      at ObjectId.cast (C:\Users\jacob\Desktop\desktop\react\shopapp\node_modules\mongoose\lib\schema\objectid.js:246:12)
      at SchemaType.applySetters (C:\Users\jacob\Desktop\desktop\react\shopapp\node_modules\mongoose\lib\schematype.js:1201:12)
      at SchemaType._castForQuery (C:\Users\jacob\Desktop\desktop\react\shopapp\node_modules\mongoose\lib\schematype.js:1651:15)
      at SchemaType.castForQuery (C:\Users\jacob\Desktop\desktop\react\shopapp\node_modules\mongoose\lib\schematype.js:1639:15)
      at SchemaType.castForQueryWrapper (C:\Users\jacob\Desktop\desktop\react\shopapp\node_modules\mongoose\lib\schematype.js:1615:20)
      at cast (C:\Users\jacob\Desktop\desktop\react\shopapp\node_modules\mongoose\lib\cast.js:342:32)
      at Query.cast (C:\Users\jacob\Desktop\desktop\react\shopapp\node_modules\mongoose\lib\query.js:5351:12),
  valueType: 'string',
  level: 'error',
  message: 'Cast to ObjectId failed for value "1" (type string) at path "_id" for model "Category" Cast to ObjectId failed for value "1" (type string) at path "_id" for model "Category"',
  stack: 'CastError: Cast to ObjectId failed for value "1" (type string) at path "_id" for model "Category"\n' +
    '    at model.Query.exec (C:\\Users\\jacob\\Desktop\\desktop\\react\\shopapp\\node_modules\\mongoose\\lib\\query.js:4921:21)\n' +
    '    at Query.then (C:\\Users\\jacob\\Desktop\\desktop\\react\\shopapp\\node_modules\\mongoose\\lib\\query.js:5020:15)\n' +
    '    at process.processTicksAndRejections (node:internal/process/task_queues:95:5)',
  timestamp: 'Aug-26-2024 03:01:08'
}
{
  messageFormat: undefined,
  stringValue: '"2"',
  kind: 'ObjectId',
  value: '2',
  path: '_id',
  reason: BSONTypeError: Argument passed in must be a string of 12 bytes or a string of 24 hex characters or an integer
      at new BSONTypeError (C:\Users\jacob\Desktop\desktop\react\shopapp\node_modules\bson\lib\error.js:41:28)
      at new ObjectId (C:\Users\jacob\Desktop\desktop\react\shopapp\node_modules\bson\lib\objectid.js:67:23)
      at castObjectId (C:\Users\jacob\Desktop\desktop\react\shopapp\node_modules\mongoose\lib\cast\objectid.js:25:12)
      at ObjectId.cast (C:\Users\jacob\Desktop\desktop\react\shopapp\node_modules\mongoose\lib\schema\objectid.js:246:12)
      at SchemaType.applySetters (C:\Users\jacob\Desktop\desktop\react\shopapp\node_modules\mongoose\lib\schematype.js:1201:12)
      at SchemaType._castForQuery (C:\Users\jacob\Desktop\desktop\react\shopapp\node_modules\mongoose\lib\schematype.js:1651:15)
      at SchemaType.castForQuery (C:\Users\jacob\Desktop\desktop\react\shopapp\node_modules\mongoose\lib\schematype.js:1639:15)
      at SchemaType.castForQueryWrapper (C:\Users\jacob\Desktop\desktop\react\shopapp\node_modules\mongoose\lib\schematype.js:1615:20)
      at cast (C:\Users\jacob\Desktop\desktop\react\shopapp\node_modules\mongoose\lib\cast.js:342:32)
      at Query.cast (C:\Users\jacob\Desktop\desktop\react\shopapp\node_modules\mongoose\lib\query.js:5351:12),
  valueType: 'string',
  level: 'error',
  message: 'Cast to ObjectId failed for value "2" (type string) at path "_id" for model "Category" Cast to ObjectId failed for value "2" (type string) at path "_id" for model "Category"',
  stack: 'CastError: Cast to ObjectId failed for value "2" (type string) at path "_id" for model "Category"\n' +
    '    at model.Query.exec (C:\\Users\\jacob\\Desktop\\desktop\\react\\shopapp\\node_modules\\mongoose\\lib\\query.js:4921:21)\n' +
    '    at Query.then (C:\\Users\\jacob\\Desktop\\desktop\\react\\shopapp\\node_modules\\mongoose\\lib\\query.js:5020:15)\n' +
    '    at process.processTicksAndRejections (node:internal/process/task_queues:95:5)',
  timestamp: 'Aug-26-2024 03:01:22'
}
